e:\gui\gui\debug\gui.pch
e:\gui\gui\debug\vc142.pdb
e:\gui\gui\debug\pch.obj
e:\gui\gui\debug\form1.obj
e:\gui\gui\debug\cppclr_winformsprojekt.obj
e:\gui\gui\debug\assemblyinfo.obj
e:\gui\gui\debug\.netframework,version=v4.7.2.assemblyattributes.obj
e:\gui\gui\debug\gui.form1.resources
e:\gui\debug\gui.exe
e:\gui\debug\gui.pdb
e:\gui\gui\debug\app.res
e:\gui\gui\debug\gui.tlog\cl.command.1.tlog
e:\gui\gui\debug\gui.tlog\cl.read.1.tlog
e:\gui\gui\debug\gui.tlog\cl.write.1.tlog
e:\gui\gui\debug\gui.tlog\gui.write.1u.tlog
e:\gui\gui\debug\gui.tlog\link.command.1.tlog
e:\gui\gui\debug\gui.tlog\link.read.1.tlog
e:\gui\gui\debug\gui.tlog\link.write.1.tlog
e:\gui\gui\debug\gui.tlog\metagen.read.1.tlog
e:\gui\gui\debug\gui.tlog\metagen.write.1.tlog
e:\gui\gui\debug\gui.tlog\rc.command.1.tlog
e:\gui\gui\debug\gui.tlog\rc.read.1.tlog
e:\gui\gui\debug\gui.tlog\rc.write.1.tlog
